

================================================================
== Vivado HLS Report for 'Convolution2D'
================================================================
* Date:           Sat May  3 15:54:39 2025

* Version:        2018.3 (Build 2405991 on Thu Dec 06 23:56:15 MST 2018)
* Project:        Convolution2D
* Solution:       solution1
* Product family: zynq
* Target device:  xc7z020clg484-1


================================================================
== Performance Estimates
================================================================
+ Timing (ns): 
    * Summary: 
    +--------+-------+----------+------------+
    |  Clock | Target| Estimated| Uncertainty|
    +--------+-------+----------+------------+
    |ap_clk  |  10.00|     8.232|        1.25|
    +--------+-------+----------+------------+

+ Latency (clock cycles): 
    * Summary: 
    +------+------+------+------+---------+
    |   Latency   |   Interval  | Pipeline|
    |  min |  max |  min |  max |   Type  |
    +------+------+------+------+---------+
    |  1132|  1132|  1132|  1132|   none  |
    +------+------+------+------+---------+

    + Detail: 
        * Instance: 
        N/A

        * Loop: 
        +---------------------+------+------+----------+-----------+-----------+------+----------+
        |                     |   Latency   | Iteration|  Initiation Interval  | Trip |          |
        |      Loop Name      |  min |  max |  Latency |  achieved |   target  | Count| Pipelined|
        +---------------------+------+------+----------+-----------+-----------+------+----------+
        |- Loop 1             |  1131|  1131|       377|          -|          -|     3|    no    |
        | + Loop 1.1          |   375|   375|       125|          -|          -|     3|    no    |
        |  ++ Loop 1.1.1      |   123|   123|        41|          -|          -|     3|    no    |
        |   +++ Loop 1.1.1.1  |    39|    39|        13|          -|          -|     3|    no    |
        +---------------------+------+------+----------+-----------+-----------+------+----------+



================================================================
== Utilization Estimates
================================================================
* Summary: 
+-----------------+---------+-------+--------+-------+
|       Name      | BRAM_18K| DSP48E|   FF   |  LUT  |
+-----------------+---------+-------+--------+-------+
|DSP              |        -|      -|       -|      -|
|Expression       |        -|      -|       0|    186|
|FIFO             |        -|      -|       -|      -|
|Instance         |        -|     14|     762|   1727|
|Memory           |        -|      -|       -|      -|
|Multiplexer      |        -|      -|       -|    143|
|Register         |        -|      -|     373|      -|
+-----------------+---------+-------+--------+-------+
|Total            |        0|     14|    1135|   2056|
+-----------------+---------+-------+--------+-------+
|Available        |      280|    220|  106400|  53200|
+-----------------+---------+-------+--------+-------+
|Utilization (%)  |        0|      6|       1|      3|
+-----------------+---------+-------+--------+-------+

+ Detail: 
    * Instance: 
    +-------------------------+----------------------+---------+-------+-----+------+
    |         Instance        |        Module        | BRAM_18K| DSP48E|  FF |  LUT |
    +-------------------------+----------------------+---------+-------+-----+------+
    |Convolution2D_dadbkb_U1  |Convolution2D_dadbkb  |        0|      3|  445|  1149|
    |Convolution2D_dmucud_U2  |Convolution2D_dmucud  |        0|     11|  317|   578|
    +-------------------------+----------------------+---------+-------+-----+------+
    |Total                    |                      |        0|     14|  762|  1727|
    +-------------------------+----------------------+---------+-------+-----+------+

    * DSP48: 
    N/A

    * Memory: 
    N/A

    * FIFO: 
    N/A

    * Expression: 
    +---------------------+----------+-------+---+----+------------+------------+
    |    Variable Name    | Operation| DSP48E| FF| LUT| Bitwidth P0| Bitwidth P1|
    +---------------------+----------+-------+---+----+------------+------------+
    |i_1_fu_158_p2        |     +    |      0|  0|  10|           2|           1|
    |j_1_fu_196_p2        |     +    |      0|  0|  10|           2|           1|
    |m_1_fu_212_p2        |     +    |      0|  0|  10|           2|           1|
    |n_1_fu_291_p2        |     +    |      0|  0|  10|           2|           1|
    |tmp_10_fu_301_p2     |     +    |      0|  0|  15|           5|           5|
    |tmp_11_fu_320_p2     |     +    |      0|  0|  15|           6|           6|
    |tmp_5_fu_240_p2      |     +    |      0|  0|  12|           3|           3|
    |tmp_8_fu_261_p2      |     +    |      0|  0|  15|           6|           6|
    |tmp_9_fu_311_p2      |     +    |      0|  0|  12|           3|           3|
    |tmp_s_fu_271_p2      |     +    |      0|  0|  15|           5|           5|
    |tmp_4_fu_234_p2      |     -    |      0|  0|  15|           5|           5|
    |tmp_7_fu_180_p2      |     -    |      0|  0|  15|           5|           5|
    |exitcond1_fu_206_p2  |   icmp   |      0|  0|   8|           2|           2|
    |exitcond2_fu_190_p2  |   icmp   |      0|  0|   8|           2|           2|
    |exitcond3_fu_152_p2  |   icmp   |      0|  0|   8|           2|           2|
    |exitcond_fu_285_p2   |   icmp   |      0|  0|   8|           2|           2|
    +---------------------+----------+-------+---+----+------------+------------+
    |Total                |          |      0|  0| 186|          54|          50|
    +---------------------+----------+-------+---+----+------------+------------+

    * Multiplexer: 
    +---------------+----+-----------+-----+-----------+
    |      Name     | LUT| Input Size| Bits| Total Bits|
    +---------------+----+-----------+-----+-----------+
    |ap_NS_fsm      |  89|         18|    1|         18|
    |i_reg_69       |   9|          2|    2|          4|
    |j_reg_80       |   9|          2|    2|          4|
    |m_reg_105      |   9|          2|    2|          4|
    |n_reg_128      |   9|          2|    2|          4|
    |sum_1_reg_116  |   9|          2|   64|        128|
    |sum_reg_92     |   9|          2|   64|        128|
    +---------------+----+-----------+-----+-----------+
    |Total          | 143|         30|  137|        290|
    +---------------+----+-----------+-----+-----------+

    * Register: 
    +---------------------+----+----+-----+-----------+
    |         Name        | FF | LUT| Bits| Const Bits|
    +---------------------+----+----+-----+-----------+
    |ap_CS_fsm            |  17|   0|   17|          0|
    |i_1_reg_338          |   2|   0|    2|          0|
    |i_cast_reg_330       |   2|   0|    3|          1|
    |i_reg_69             |   2|   0|    2|          0|
    |input_load_reg_402   |  64|   0|   64|          0|
    |j_1_reg_356          |   2|   0|    2|          0|
    |j_cast_reg_348       |   2|   0|    3|          1|
    |j_reg_80             |   2|   0|    2|          0|
    |kernel_load_reg_397  |  64|   0|   64|          0|
    |m_1_reg_364          |   2|   0|    2|          0|
    |m_reg_105            |   2|   0|    2|          0|
    |n_1_reg_382          |   2|   0|    2|          0|
    |n_reg_128            |   2|   0|    2|          0|
    |sum_1_reg_116        |  64|   0|   64|          0|
    |sum_reg_92           |  64|   0|   64|          0|
    |tmp_1_reg_407        |  64|   0|   64|          0|
    |tmp_4_reg_369        |   5|   0|    5|          0|
    |tmp_7_reg_343        |   5|   0|    5|          0|
    |tmp_8_reg_374        |   6|   0|    6|          0|
    +---------------------+----+----+-----+-----------+
    |Total                | 373|   0|  375|          2|
    +---------------------+----+----+-----+-----------+



================================================================
== Interface
================================================================
* Summary: 
+-------------------+-----+-----+------------+---------------+--------------+
|     RTL Ports     | Dir | Bits|  Protocol  | Source Object |    C Type    |
+-------------------+-----+-----+------------+---------------+--------------+
|ap_clk             |  in |    1| ap_ctrl_hs | Convolution2D | return value |
|ap_rst             |  in |    1| ap_ctrl_hs | Convolution2D | return value |
|ap_start           |  in |    1| ap_ctrl_hs | Convolution2D | return value |
|ap_done            | out |    1| ap_ctrl_hs | Convolution2D | return value |
|ap_idle            | out |    1| ap_ctrl_hs | Convolution2D | return value |
|ap_ready           | out |    1| ap_ctrl_hs | Convolution2D | return value |
|input_r_address0   | out |    5|  ap_memory |    input_r    |     array    |
|input_r_ce0        | out |    1|  ap_memory |    input_r    |     array    |
|input_r_q0         |  in |   64|  ap_memory |    input_r    |     array    |
|kernel_address0    | out |    4|  ap_memory |     kernel    |     array    |
|kernel_ce0         | out |    1|  ap_memory |     kernel    |     array    |
|kernel_q0          |  in |   64|  ap_memory |     kernel    |     array    |
|output_r_address0  | out |    4|  ap_memory |    output_r   |     array    |
|output_r_ce0       | out |    1|  ap_memory |    output_r   |     array    |
|output_r_we0       | out |    1|  ap_memory |    output_r   |     array    |
|output_r_d0        | out |   64|  ap_memory |    output_r   |     array    |
+-------------------+-----+-----+------------+---------------+--------------+

